<?xml version="1.0" encoding="UTF-8"?>
<testsuite xmlns:xsi="http://www.w3.org/2001/XMLSchema-instance" xsi:noNamespaceSchemaLocation="https://maven.apache.org/surefire/maven-surefire-plugin/xsd/surefire-test-report-3.0.xsd" version="3.0" name="com.edulearn.lesson.controller.LessonResourceIntegrationTest" time="14.068" tests="13" errors="0" skipped="0" failures="0">
  <properties>
[...]
</properties>
  <testcase name="addLesson_instructorSuccess" classname="com.edulearn.lesson.controller.LessonResourceIntegrationTest" time="0.908">
    <system-out><![CDATA[13:13:50.693 [main] INFO org.springframework.test.context.support.AnnotationConfigContextLoaderUtils -- Could not detect default configuration classes for test class [com.edulearn.lesson.controller.LessonResourceIntegrationTest]: LessonResourceIntegrationTest does not declare any static, non-private, non-final, nested classes annotated with @Configuration.
13:13:50.954 [main] INFO org.springframework.boot.test.context.SpringBootTestContextBootstrapper -- Found @SpringBootConfiguration com.edulearn.lesson.LessonServiceApplication for test class com.edulearn.lesson.controller.LessonResourceIntegrationTest

  .   ____          _            __ _ _
 /\\ / ___'_ __ _ _(_)_ __  __ _ \ \ \ \
( ( )\___ | '_ | '_| | '_ \/ _` | \ \ \ \
 \\/  ___)| |_)| | | | | || (_| |  ) ) ) )
  '  |____| .__|_| |_|_| |_\__, | / / / /
 =========|_|==============|___/=/_/_/_/
 :: Spring Boot ::                (v3.2.5)

2026-05-07T13:13:51.523+05:30  INFO 4044 --- [lesson-service] [           main] c.e.l.c.LessonResourceIntegrationTest    : Starting LessonResourceIntegrationTest using Java 21.0.2 with PID 4044 (started by sobby in D:\Project\Edulearn-Backend\lesson-service)
2026-05-07T13:13:51.524+05:30 DEBUG 4044 --- [lesson-service] [           main] c.e.l.c.LessonResourceIntegrationTest    : Running with Spring Boot v3.2.5, Spring v6.1.6
2026-05-07T13:13:51.524+05:30  INFO 4044 --- [lesson-service] [           main] c.e.l.c.LessonResourceIntegrationTest    : The following 1 profile is active: "test"
2026-05-07T13:13:53.259+05:30  INFO 4044 --- [lesson-service] [           main] .s.d.r.c.RepositoryConfigurationDelegate : Bootstrapping Spring Data JPA repositories in DEFAULT mode.
2026-05-07T13:13:53.345+05:30  INFO 4044 --- [lesson-service] [           main] .s.d.r.c.RepositoryConfigurationDelegate : Finished Spring Data repository scanning in 77 ms. Found 2 JPA repository interfaces.
2026-05-07T13:13:56.254+05:30  INFO 4044 --- [lesson-service] [           main] o.hibernate.jpa.internal.util.LogHelper  : HHH000204: Processing PersistenceUnitInfo [name: default]
2026-05-07T13:13:56.378+05:30  INFO 4044 --- [lesson-service] [           main] org.hibernate.Version                    : HHH000412: Hibernate ORM core version 6.4.4.Final
2026-05-07T13:13:56.449+05:30  INFO 4044 --- [lesson-service] [           main] o.h.c.internal.RegionFactoryInitiator    : HHH000026: Second-level cache disabled
2026-05-07T13:13:56.666+05:30  INFO 4044 --- [lesson-service] [           main] o.s.o.j.p.SpringPersistenceUnitInfo      : No LoadTimeWeaver setup: ignoring JPA class transformer
2026-05-07T13:13:56.713+05:30  INFO 4044 --- [lesson-service] [           main] com.zaxxer.hikari.HikariDataSource       : HikariPool-1 - Starting...
2026-05-07T13:13:57.023+05:30  INFO 4044 --- [lesson-service] [           main] com.zaxxer.hikari.pool.HikariPool        : HikariPool-1 - Added connection conn0: url=jdbc:h2:mem:testdb user=SA
2026-05-07T13:13:57.027+05:30  INFO 4044 --- [lesson-service] [           main] com.zaxxer.hikari.HikariDataSource       : HikariPool-1 - Start completed.
2026-05-07T13:13:57.068+05:30  WARN 4044 --- [lesson-service] [           main] org.hibernate.orm.deprecation            : HHH90000025: H2Dialect does not need to be specified explicitly using 'hibernate.dialect' (remove the property setting and it will be selected by default)
2026-05-07T13:13:58.463+05:30  INFO 4044 --- [lesson-service] [           main] o.h.e.t.j.p.i.JtaPlatformInitiator       : HHH000489: No JTA platform available (set 'hibernate.transaction.jta.platform' to enable JTA platform integration)
Hibernate: 
    drop table if exists lessons cascade 
Hibernate: 
    drop table if exists resources cascade 
Hibernate: 
    create table lessons (
        duration_minutes integer,
        is_preview boolean not null,
        order_index integer not null,
        course_id bigint not null,
        created_at timestamp(6),
        instructor_id bigint,
        lesson_id bigint generated by default as identity,
        updated_at timestamp(6),
        content_type varchar(255) not null check (content_type in ('VIDEO','ARTICLE','PDF')),
        content_url TEXT,
        description TEXT,
        title varchar(255) not null,
        primary key (lesson_id)
    )
Hibernate: 
    create table resources (
        created_at timestamp(6),
        lesson_id bigint not null,
        resource_id bigint generated by default as identity,
        size_kb bigint,
        file_type varchar(255) not null check (file_type in ('PDF','SLIDES','CODE','IMAGE','ZIP','OTHER')),
        file_url TEXT not null,
        name varchar(255) not null,
        primary key (resource_id)
    )
Hibernate: 
    alter table if exists resources 
       add constraint FK4ckipoe4tccull4lm5q2l09rq 
       foreign key (lesson_id) 
       references lessons
2026-05-07T13:13:58.542+05:30  INFO 4044 --- [lesson-service] [           main] j.LocalContainerEntityManagerFactoryBean : Initialized JPA EntityManagerFactory for persistence unit 'default'
2026-05-07T13:13:59.275+05:30  INFO 4044 --- [lesson-service] [           main] o.s.d.j.r.query.QueryEnhancerFactory     : Hibernate is in classpath; If applicable, HQL parser will be used.
2026-05-07T13:14:00.442+05:30  WARN 4044 --- [lesson-service] [           main] JpaBaseConfiguration$JpaWebConfiguration : spring.jpa.open-in-view is enabled by default. Therefore, database queries may be performed during view rendering. Explicitly configure spring.jpa.open-in-view to disable this warning
2026-05-07T13:14:00.552+05:30  WARN 4044 --- [lesson-service] [           main] .s.s.UserDetailsServiceAutoConfiguration : 

Using generated security password: 529dbb61-f636-4656-b55f-d67b40eb530f

This generated password is for development use only. Your security configuration must be updated before running your application in production.

2026-05-07T13:14:01.526+05:30  INFO 4044 --- [lesson-service] [           main] o.s.b.a.e.web.EndpointLinksResolver      : Exposing 2 endpoint(s) beneath base path '/actuator'
2026-05-07T13:14:01.654+05:30  INFO 4044 --- [lesson-service] [           main] o.s.s.web.DefaultSecurityFilterChain     : Will secure any request with [org.springframework.security.web.session.DisableEncodeUrlFilter@8ace41e, org.springframework.security.web.context.request.async.WebAsyncManagerIntegrationFilter@78276d6d, org.springframework.security.web.context.SecurityContextHolderFilter@5c7673b8, org.springframework.security.web.header.HeaderWriterFilter@2c15ced4, org.springframework.web.filter.CorsFilter@18be5bce, org.springframework.security.web.authentication.logout.LogoutFilter@2c6c67e0, com.edulearn.lesson.security.JwtAuthenticationFilter@173c0722, org.springframework.security.web.savedrequest.RequestCacheAwareFilter@3e99738e, org.springframework.security.web.servletapi.SecurityContextHolderAwareRequestFilter@618dbfd4, org.springframework.security.web.authentication.AnonymousAuthenticationFilter@5b3915b, org.springframework.security.web.session.SessionManagementFilter@5ecc530, org.springframework.security.web.access.ExceptionTranslationFilter@2dbdd3f2, org.springframework.security.web.access.intercept.AuthorizationFilter@2f49d34d]
2026-05-07T13:14:02.613+05:30  INFO 4044 --- [lesson-service] [           main] o.s.b.a.h2.H2ConsoleAutoConfiguration    : H2 console available at '/h2-console'. Database available at 'jdbc:h2:mem:testdb'
2026-05-07T13:14:02.744+05:30 DEBUG 4044 --- [lesson-service] [           main] c.e.l.security.JwtAuthenticationFilter   : Filter 'jwtAuthenticationFilter' configured for use
2026-05-07T13:14:02.746+05:30  INFO 4044 --- [lesson-service] [           main] o.s.b.t.m.w.SpringBootMockServletContext : Initializing Spring TestDispatcherServlet ''
2026-05-07T13:14:02.746+05:30  INFO 4044 --- [lesson-service] [           main] o.s.t.web.servlet.TestDispatcherServlet  : Initializing Servlet ''
2026-05-07T13:14:02.748+05:30  INFO 4044 --- [lesson-service] [           main] o.s.t.web.servlet.TestDispatcherServlet  : Completed initialization in 2 ms
2026-05-07T13:14:02.863+05:30  INFO 4044 --- [lesson-service] [           main] c.e.l.c.LessonResourceIntegrationTest    : Started LessonResourceIntegrationTest in 11.702 seconds (process running for 13.272)
Hibernate: 
    select
        l1_0.lesson_id,
        l1_0.content_type,
        l1_0.content_url,
        l1_0.course_id,
        l1_0.created_at,
        l1_0.description,
        l1_0.duration_minutes,
        l1_0.instructor_id,
        l1_0.is_preview,
        l1_0.order_index,
        l1_0.title,
        l1_0.updated_at 
    from
        lessons l1_0
2026-05-07T13:14:03.418+05:30 DEBUG 4044 --- [lesson-service] [           main] c.e.l.security.JwtAuthenticationFilter   : JWT authenticated: userId=5 role=INSTRUCTOR
Hibernate: 
    select
        count(l1_0.lesson_id) 
    from
        lessons l1_0 
    where
        l1_0.course_id=?
Hibernate: 
    select
        coalesce(max(l1_0.order_index), 0) 
    from
        lessons l1_0 
    where
        l1_0.course_id=?
Hibernate: 
    insert 
    into
        lessons
        (content_type, content_url, course_id, created_at, description, duration_minutes, instructor_id, is_preview, order_index, title, updated_at, lesson_id) 
    values
        (?, ?, ?, ?, ?, ?, ?, ?, ?, ?, ?, default)
2026-05-07T13:14:03.700+05:30  INFO 4044 --- [lesson-service] [           main] c.e.l.service.impl.LessonServiceImpl     : Lesson added: id=1 courseId=10 order=1
Hibernate: 
    select
        coalesce(sum(l1_0.duration_minutes), 0) 
    from
        lessons l1_0 
    where
        l1_0.course_id=?
2026-05-07T13:14:03.748+05:30 DEBUG 4044 --- [lesson-service] [           main] c.e.l.service.impl.LessonServiceImpl     : Notified course-service: courseId=10 totalMinutes=45
]]></system-out>
    <system-err><![CDATA[WARNING: A Java agent has been loaded dynamically (C:\Users\sobby\.m2\repository\net\bytebuddy\byte-buddy-agent\1.14.13\byte-buddy-agent-1.14.13.jar)
WARNING: If a serviceability tool is in use, please run with -XX:+EnableDynamicAgentLoading to hide this warning
WARNING: If a serviceability tool is not in use, please run with -Djdk.instrument.traceUsage for more information
WARNING: Dynamic loading of agents will be disallowed by default in a future release
]]></system-err>
  </testcase>
  <testcase name="addLesson_noAuth" classname="com.edulearn.lesson.controller.LessonResourceIntegrationTest" time="0.019"/>
  <testcase name="getPreviewLessons_public" classname="com.edulearn.lesson.controller.LessonResourceIntegrationTest" time="0.058">
    <system-out><![CDATA[Hibernate: 
    select
        l1_0.lesson_id,
        l1_0.content_type,
        l1_0.content_url,
        l1_0.course_id,
        l1_0.created_at,
        l1_0.description,
        l1_0.duration_minutes,
        l1_0.instructor_id,
        l1_0.is_preview,
        l1_0.order_index,
        l1_0.title,
        l1_0.updated_at 
    from
        lessons l1_0 
    where
        l1_0.course_id=? 
        and l1_0.is_preview
Hibernate: 
    select
        count(r1_0.resource_id) 
    from
        resources r1_0 
    left join
        lessons l1_0 
            on l1_0.lesson_id=r1_0.lesson_id 
    where
        l1_0.lesson_id=?
]]></system-out>
  </testcase>
  <testcase name="getLessonsByCourse_authenticated" classname="com.edulearn.lesson.controller.LessonResourceIntegrationTest" time="0.036">
    <system-out><![CDATA[2026-05-07T13:14:04.020+05:30 DEBUG 4044 --- [lesson-service] [           main] c.e.l.security.JwtAuthenticationFilter   : JWT authenticated: userId=20 role=STUDENT
Hibernate: 
    select
        l1_0.lesson_id,
        l1_0.content_type,
        l1_0.content_url,
        l1_0.course_id,
        l1_0.created_at,
        l1_0.description,
        l1_0.duration_minutes,
        l1_0.instructor_id,
        l1_0.is_preview,
        l1_0.order_index,
        l1_0.title,
        l1_0.updated_at 
    from
        lessons l1_0 
    where
        l1_0.course_id=? 
    order by
        l1_0.order_index
Hibernate: 
    select
        count(r1_0.resource_id) 
    from
        resources r1_0 
    left join
        lessons l1_0 
            on l1_0.lesson_id=r1_0.lesson_id 
    where
        l1_0.lesson_id=?
]]></system-out>
  </testcase>
  <testcase name="getLessonById_instructor" classname="com.edulearn.lesson.controller.LessonResourceIntegrationTest" time="0.044">
    <system-out><![CDATA[2026-05-07T13:14:04.055+05:30 DEBUG 4044 --- [lesson-service] [           main] c.e.l.security.JwtAuthenticationFilter   : JWT authenticated: userId=5 role=INSTRUCTOR
Hibernate: 
    select
        l1_0.lesson_id,
        l1_0.content_type,
        l1_0.content_url,
        l1_0.course_id,
        l1_0.created_at,
        l1_0.description,
        l1_0.duration_minutes,
        l1_0.instructor_id,
        l1_0.is_preview,
        l1_0.order_index,
        l1_0.title,
        l1_0.updated_at 
    from
        lessons l1_0 
    where
        l1_0.lesson_id=?
Hibernate: 
    select
        r1_0.lesson_id,
        r1_0.resource_id,
        r1_0.created_at,
        r1_0.file_type,
        r1_0.file_url,
        r1_0.name,
        r1_0.size_kb 
    from
        resources r1_0 
    where
        r1_0.lesson_id=?
]]></system-out>
  </testcase>
  <testcase name="getSinglePreviewLesson_public" classname="com.edulearn.lesson.controller.LessonResourceIntegrationTest" time="0.019">
    <system-out><![CDATA[Hibernate: 
    select
        l1_0.lesson_id,
        l1_0.content_type,
        l1_0.content_url,
        l1_0.course_id,
        l1_0.created_at,
        l1_0.description,
        l1_0.duration_minutes,
        l1_0.instructor_id,
        l1_0.is_preview,
        l1_0.order_index,
        l1_0.title,
        l1_0.updated_at 
    from
        lessons l1_0 
    where
        l1_0.lesson_id=?
Hibernate: 
    select
        r1_0.lesson_id,
        r1_0.resource_id,
        r1_0.created_at,
        r1_0.file_type,
        r1_0.file_url,
        r1_0.name,
        r1_0.size_kb 
    from
        resources r1_0 
    where
        r1_0.lesson_id=?
]]></system-out>
  </testcase>
  <testcase name="updateLesson_instructorSuccess" classname="com.edulearn.lesson.controller.LessonResourceIntegrationTest" time="0.079">
    <system-out><![CDATA[2026-05-07T13:14:04.134+05:30 DEBUG 4044 --- [lesson-service] [           main] c.e.l.security.JwtAuthenticationFilter   : JWT authenticated: userId=5 role=INSTRUCTOR
Hibernate: 
    select
        l1_0.lesson_id,
        l1_0.content_type,
        l1_0.content_url,
        l1_0.course_id,
        l1_0.created_at,
        l1_0.description,
        l1_0.duration_minutes,
        l1_0.instructor_id,
        l1_0.is_preview,
        l1_0.order_index,
        l1_0.title,
        l1_0.updated_at 
    from
        lessons l1_0 
    where
        l1_0.lesson_id=?
Hibernate: 
    select
        count(l1_0.lesson_id) 
    from
        lessons l1_0 
    where
        l1_0.course_id=?
Hibernate: 
    select
        l1_0.lesson_id 
    from
        lessons l1_0 
    where
        l1_0.course_id=? 
        and l1_0.instructor_id=? 
    fetch
        first ? rows only
2026-05-07T13:14:04.158+05:30  INFO 4044 --- [lesson-service] [           main] c.e.l.service.impl.LessonServiceImpl     : Lesson updated: id=1
Hibernate: 
    update
        lessons 
    set
        content_type=?,
        content_url=?,
        course_id=?,
        description=?,
        duration_minutes=?,
        instructor_id=?,
        is_preview=?,
        order_index=?,
        title=?,
        updated_at=? 
    where
        lesson_id=?
Hibernate: 
    select
        coalesce(sum(l1_0.duration_minutes), 0) 
    from
        lessons l1_0 
    where
        l1_0.course_id=?
2026-05-07T13:14:04.181+05:30 DEBUG 4044 --- [lesson-service] [           main] c.e.l.service.impl.LessonServiceImpl     : Notified course-service: courseId=10 totalMinutes=90
Hibernate: 
    select
        r1_0.lesson_id,
        r1_0.resource_id,
        r1_0.created_at,
        r1_0.file_type,
        r1_0.file_url,
        r1_0.name,
        r1_0.size_kb 
    from
        resources r1_0 
    where
        r1_0.lesson_id=?
]]></system-out>
  </testcase>
  <testcase name="addResource_instructorSuccess" classname="com.edulearn.lesson.controller.LessonResourceIntegrationTest" time="0.064">
    <system-out><![CDATA[2026-05-07T13:14:04.220+05:30 DEBUG 4044 --- [lesson-service] [           main] c.e.l.security.JwtAuthenticationFilter   : JWT authenticated: userId=5 role=INSTRUCTOR
Hibernate: 
    select
        l1_0.lesson_id,
        l1_0.content_type,
        l1_0.content_url,
        l1_0.course_id,
        l1_0.created_at,
        l1_0.description,
        l1_0.duration_minutes,
        l1_0.instructor_id,
        l1_0.is_preview,
        l1_0.order_index,
        l1_0.title,
        l1_0.updated_at 
    from
        lessons l1_0 
    where
        l1_0.lesson_id=?
Hibernate: 
    select
        count(l1_0.lesson_id) 
    from
        lessons l1_0 
    where
        l1_0.course_id=?
Hibernate: 
    select
        l1_0.lesson_id 
    from
        lessons l1_0 
    where
        l1_0.course_id=? 
        and l1_0.instructor_id=? 
    fetch
        first ? rows only
Hibernate: 
    insert 
    into
        resources
        (created_at, file_type, file_url, lesson_id, name, size_kb, resource_id) 
    values
        (?, ?, ?, ?, ?, ?, default)
2026-05-07T13:14:04.242+05:30  INFO 4044 --- [lesson-service] [           main] c.e.l.service.impl.LessonServiceImpl     : Resource added: id=1 lessonId=1
]]></system-out>
  </testcase>
  <testcase name="getResources_success" classname="com.edulearn.lesson.controller.LessonResourceIntegrationTest" time="0.034">
    <system-out><![CDATA[2026-05-07T13:14:04.274+05:30 DEBUG 4044 --- [lesson-service] [           main] c.e.l.security.JwtAuthenticationFilter   : JWT authenticated: userId=20 role=STUDENT
Hibernate: 
    select
        l1_0.lesson_id,
        l1_0.content_type,
        l1_0.content_url,
        l1_0.course_id,
        l1_0.created_at,
        l1_0.description,
        l1_0.duration_minutes,
        l1_0.instructor_id,
        l1_0.is_preview,
        l1_0.order_index,
        l1_0.title,
        l1_0.updated_at 
    from
        lessons l1_0 
    where
        l1_0.lesson_id=?
Hibernate: 
    select
        r1_0.resource_id,
        r1_0.created_at,
        r1_0.file_type,
        r1_0.file_url,
        r1_0.lesson_id,
        r1_0.name,
        r1_0.size_kb 
    from
        resources r1_0 
    left join
        lessons l1_0 
            on l1_0.lesson_id=r1_0.lesson_id 
    where
        l1_0.lesson_id=?
]]></system-out>
  </testcase>
  <testcase name="reorderLessons_adminSuccess" classname="com.edulearn.lesson.controller.LessonResourceIntegrationTest" time="0.068">
    <system-out><![CDATA[2026-05-07T13:14:04.310+05:30 DEBUG 4044 --- [lesson-service] [           main] c.e.l.security.JwtAuthenticationFilter   : JWT authenticated: userId=1 role=ADMIN
Hibernate: 
    select
        coalesce(max(l1_0.order_index), 0) 
    from
        lessons l1_0 
    where
        l1_0.course_id=?
Hibernate: 
    insert 
    into
        lessons
        (content_type, content_url, course_id, created_at, description, duration_minutes, instructor_id, is_preview, order_index, title, updated_at, lesson_id) 
    values
        (?, ?, ?, ?, ?, ?, ?, ?, ?, ?, ?, default)
2026-05-07T13:14:04.320+05:30  INFO 4044 --- [lesson-service] [           main] c.e.l.service.impl.LessonServiceImpl     : Lesson added: id=2 courseId=10 order=2
Hibernate: 
    select
        coalesce(sum(l1_0.duration_minutes), 0) 
    from
        lessons l1_0 
    where
        l1_0.course_id=?
2026-05-07T13:14:04.323+05:30 DEBUG 4044 --- [lesson-service] [           main] c.e.l.service.impl.LessonServiceImpl     : Notified course-service: courseId=10 totalMinutes=110
2026-05-07T13:14:04.337+05:30 DEBUG 4044 --- [lesson-service] [           main] c.e.l.security.JwtAuthenticationFilter   : JWT authenticated: userId=1 role=ADMIN
Hibernate: 
    select
        l1_0.lesson_id,
        l1_0.content_type,
        l1_0.content_url,
        l1_0.course_id,
        l1_0.created_at,
        l1_0.description,
        l1_0.duration_minutes,
        l1_0.instructor_id,
        l1_0.is_preview,
        l1_0.order_index,
        l1_0.title,
        l1_0.updated_at 
    from
        lessons l1_0 
    where
        l1_0.course_id=? 
    order by
        l1_0.order_index
2026-05-07T13:14:04.347+05:30  INFO 4044 --- [lesson-service] [           main] c.e.l.service.impl.LessonServiceImpl     : Lessons reordered for courseId=10
Hibernate: 
    update
        lessons 
    set
        content_type=?,
        content_url=?,
        course_id=?,
        description=?,
        duration_minutes=?,
        instructor_id=?,
        is_preview=?,
        order_index=?,
        title=?,
        updated_at=? 
    where
        lesson_id=?
Hibernate: 
    update
        lessons 
    set
        content_type=?,
        content_url=?,
        course_id=?,
        description=?,
        duration_minutes=?,
        instructor_id=?,
        is_preview=?,
        order_index=?,
        title=?,
        updated_at=? 
    where
        lesson_id=?
Hibernate: 
    select
        l1_0.lesson_id,
        l1_0.content_type,
        l1_0.content_url,
        l1_0.course_id,
        l1_0.created_at,
        l1_0.description,
        l1_0.duration_minutes,
        l1_0.instructor_id,
        l1_0.is_preview,
        l1_0.order_index,
        l1_0.title,
        l1_0.updated_at 
    from
        lessons l1_0 
    where
        l1_0.course_id=? 
    order by
        l1_0.order_index
Hibernate: 
    select
        count(r1_0.resource_id) 
    from
        resources r1_0 
    left join
        lessons l1_0 
            on l1_0.lesson_id=r1_0.lesson_id 
    where
        l1_0.lesson_id=?
Hibernate: 
    select
        count(r1_0.resource_id) 
    from
        resources r1_0 
    left join
        lessons l1_0 
            on l1_0.lesson_id=r1_0.lesson_id 
    where
        l1_0.lesson_id=?
]]></system-out>
  </testcase>
  <testcase name="countLessons_internal" classname="com.edulearn.lesson.controller.LessonResourceIntegrationTest" time="0.015">
    <system-out><![CDATA[Hibernate: 
    select
        count(l1_0.lesson_id) 
    from
        lessons l1_0 
    where
        l1_0.course_id=?
]]></system-out>
  </testcase>
  <testcase name="removeResource_instructorSuccess" classname="com.edulearn.lesson.controller.LessonResourceIntegrationTest" time="0.053">
    <system-out><![CDATA[2026-05-07T13:14:04.395+05:30 DEBUG 4044 --- [lesson-service] [           main] c.e.l.security.JwtAuthenticationFilter   : JWT authenticated: userId=5 role=INSTRUCTOR
Hibernate: 
    select
        l1_0.lesson_id,
        l1_0.content_type,
        l1_0.content_url,
        l1_0.course_id,
        l1_0.created_at,
        l1_0.description,
        l1_0.duration_minutes,
        l1_0.instructor_id,
        l1_0.is_preview,
        l1_0.order_index,
        l1_0.title,
        l1_0.updated_at 
    from
        lessons l1_0 
    where
        l1_0.lesson_id=?
Hibernate: 
    select
        count(l1_0.lesson_id) 
    from
        lessons l1_0 
    where
        l1_0.course_id=?
Hibernate: 
    select
        l1_0.lesson_id 
    from
        lessons l1_0 
    where
        l1_0.course_id=? 
        and l1_0.instructor_id=? 
    fetch
        first ? rows only
Hibernate: 
    select
        r1_0.resource_id,
        r1_0.created_at,
        r1_0.file_type,
        r1_0.file_url,
        r1_0.lesson_id,
        r1_0.name,
        r1_0.size_kb 
    from
        resources r1_0 
    where
        r1_0.resource_id=?
2026-05-07T13:14:04.418+05:30  INFO 4044 --- [lesson-service] [           main] c.e.l.service.impl.LessonServiceImpl     : Resource deleted: id=1
Hibernate: 
    delete 
    from
        resources 
    where
        resource_id=?
Hibernate: 
    select
        r1_0.resource_id,
        r1_0.created_at,
        r1_0.file_type,
        r1_0.file_url,
        r1_0.lesson_id,
        r1_0.name,
        r1_0.size_kb 
    from
        resources r1_0 
    where
        r1_0.resource_id=?
]]></system-out>
  </testcase>
  <testcase name="deleteLesson_adminSuccess" classname="com.edulearn.lesson.controller.LessonResourceIntegrationTest" time="0.054">
    <system-out><![CDATA[2026-05-07T13:14:04.452+05:30 DEBUG 4044 --- [lesson-service] [           main] c.e.l.security.JwtAuthenticationFilter   : JWT authenticated: userId=1 role=ADMIN
Hibernate: 
    select
        l1_0.lesson_id,
        l1_0.content_type,
        l1_0.content_url,
        l1_0.course_id,
        l1_0.created_at,
        l1_0.description,
        l1_0.duration_minutes,
        l1_0.instructor_id,
        l1_0.is_preview,
        l1_0.order_index,
        l1_0.title,
        l1_0.updated_at 
    from
        lessons l1_0 
    where
        l1_0.lesson_id=?
Hibernate: 
    select
        r1_0.lesson_id,
        r1_0.resource_id,
        r1_0.created_at,
        r1_0.file_type,
        r1_0.file_url,
        r1_0.name,
        r1_0.size_kb 
    from
        resources r1_0 
    where
        r1_0.lesson_id=?
Hibernate: 
    delete 
    from
        lessons 
    where
        lesson_id=?
Hibernate: 
    update
        lessons 
    set
        order_index=(order_index-1) 
    where
        course_id=? 
        and order_index>?
2026-05-07T13:14:04.482+05:30  INFO 4044 --- [lesson-service] [           main] c.e.l.service.impl.LessonServiceImpl     : Lesson deleted: id=1 courseId=10
Hibernate: 
    select
        coalesce(sum(l1_0.duration_minutes), 0) 
    from
        lessons l1_0 
    where
        l1_0.course_id=?
2026-05-07T13:14:04.483+05:30 DEBUG 4044 --- [lesson-service] [           main] c.e.l.service.impl.LessonServiceImpl     : Notified course-service: courseId=10 totalMinutes=20
Hibernate: 
    select
        l1_0.lesson_id,
        l1_0.content_type,
        l1_0.content_url,
        l1_0.course_id,
        l1_0.created_at,
        l1_0.description,
        l1_0.duration_minutes,
        l1_0.instructor_id,
        l1_0.is_preview,
        l1_0.order_index,
        l1_0.title,
        l1_0.updated_at 
    from
        lessons l1_0 
    where
        l1_0.lesson_id=?
]]></system-out>
  </testcase>
</testsuite>